<?xml version="1.0" encoding="UTF-8"?>
<testsuite name="co2103.hw1.Task3Test" tests="3" skipped="0" failures="0" errors="0" timestamp="2023-11-20T13:39:10" hostname="ROHAAN" time="0.85">
  <properties/>
  <testcase name="greetingGETShouldReturnDefaultMessage()" classname="co2103.hw1.Task3Test" time="0.838"/>
  <testcase name="classesCreated()" classname="co2103.hw1.Task3Test" time="0.003"/>
  <testcase name="greetingPOSTShouldReturnDefaultMessage()" classname="co2103.hw1.Task3Test" time="0.006"/>
  <system-out><![CDATA[13:39:08.609 [Test worker] INFO org.springframework.test.context.support.AnnotationConfigContextLoaderUtils -- Could not detect default configuration classes for test class [co2103.hw1.Task3Test]: Task3Test does not declare any static, non-private, non-final, nested classes annotated with @Configuration.
13:39:08.735 [Test worker] INFO org.springframework.boot.test.context.SpringBootTestContextBootstrapper -- Found @SpringBootConfiguration co2103.hw1.Hw1Application for test class co2103.hw1.Task3Test

  .   ____          _            __ _ _
 /\\ / ___'_ __ _ _(_)_ __  __ _ \ \ \ \
( ( )\___ | '_ | '_| | '_ \/ _` | \ \ \ \
 \\/  ___)| |_)| | | | | || (_| |  ) ) ) )
  '  |____| .__|_| |_|_| |_\__, | / / / /
 =========|_|==============|___/=/_/_/_/
 :: Spring Boot ::                (v3.1.1)

2023-11-20T13:39:09.188Z  INFO 9100 --- [    Test worker] co2103.hw1.Task3Test                     : Starting Task3Test using Java 17.0.9 with PID 9100 (started by Lenovo in C:\Users\Lenovo\Desktop\hw1\hw1)
2023-11-20T13:39:09.191Z  INFO 9100 --- [    Test worker] co2103.hw1.Task3Test                     : No active profile set, falling back to 1 default profile: "default"
2023-11-20T13:39:10.404Z  INFO 9100 --- [    Test worker] o.s.b.t.m.w.SpringBootMockServletContext : Initializing Spring TestDispatcherServlet ''
2023-11-20T13:39:10.405Z  INFO 9100 --- [    Test worker] o.s.t.web.servlet.TestDispatcherServlet  : Initializing Servlet ''
2023-11-20T13:39:10.408Z  INFO 9100 --- [    Test worker] o.s.t.web.servlet.TestDispatcherServlet  : Completed initialization in 1 ms
2023-11-20T13:39:10.435Z  INFO 9100 --- [    Test worker] co2103.hw1.Task3Test                     : Started Task3Test in 1.516 seconds (process running for 2.621)

MockHttpServletRequest:
      HTTP Method = GET
      Request URI = /
       Parameters = {}
          Headers = []
             Body = null
    Session Attrs = {}

Handler:
             Type = co2103.hw1.controller.MainController
           Method = co2103.hw1.controller.MainController#showStartPage()

Async:
    Async started = false
     Async result = null

Resolved Exception:
             Type = null

ModelAndView:
        View name = start
             View = null
            Model = null

FlashMap:
       Attributes = null

MockHttpServletResponse:
           Status = 200
    Error message = null
          Headers = [Content-Language:"en"]
     Content type = null
             Body = 
    Forwarded URL = /WEB-INF/views/start.jsp
   Redirected URL = null
          Cookies = []

MockHttpServletRequest:
      HTTP Method = POST
      Request URI = /
       Parameters = {}
          Headers = []
             Body = null
    Session Attrs = {}

Handler:
             Type = co2103.hw1.controller.MainController
           Method = co2103.hw1.controller.MainController#handlePostRequest()

Async:
    Async started = false
     Async result = null

Resolved Exception:
             Type = null

ModelAndView:
        View name = start
             View = null
            Model = null

FlashMap:
       Attributes = null

MockHttpServletResponse:
           Status = 200
    Error message = null
          Headers = [Content-Language:"en"]
     Content type = null
             Body = 
    Forwarded URL = /WEB-INF/views/start.jsp
   Redirected URL = null
          Cookies = []
]]></system-out>
  <system-err><![CDATA[]]></system-err>
</testsuite>
